12:31:12.545  1231 DEBUG fr.sparna.rdf.xls2rdf.app.Convert - Will use output format : text/turtle
12:31:12.547  1233 DEBUG fr.sparna.rdf.xls2rdf.app.Convert - Will use ModelWriter : fr.sparna.rdf.xls2rdf.OutputStreamModelWriter
12:31:17.600  6286 DEBUG f.s.rdf.xls2rdf.Xls2RdfConverter - Processing sheet: Sheet1
12:31:17.603  6289 INFO  f.sparna.rdf.xls2rdf.RdfizableSheet - Found proper property in header : http://vocabs.lter-europe.net/EnvThes/
12:31:17.605  6291 INFO  f.sparna.rdf.xls2rdf.RdfizableSheet - Found proper property in header : http://purl.org/zonmw/generic/
12:31:17.606  6292 INFO  f.sparna.rdf.xls2rdf.RdfizableSheet - Found proper property in header : http://purl.org/pav/
12:31:17.607  6293 INFO  f.sparna.rdf.xls2rdf.RdfizableSheet - Found proper property in header : http://purl.org/dc/terms/
12:31:17.608  6294 INFO  f.sparna.rdf.xls2rdf.RdfizableSheet - Found proper property in header : http://www.w3.org/2002/07/owl#
12:31:17.609  6295 INFO  f.sparna.rdf.xls2rdf.RdfizableSheet - Found proper property in header : http://www.w3.org/2001/XMLSchema#
12:31:17.609  6295 INFO  f.sparna.rdf.xls2rdf.RdfizableSheet - Found proper property in header : https://w3id.org/iadopt/ont/
12:31:17.610  6296 INFO  f.sparna.rdf.xls2rdf.RdfizableSheet - Found proper property in header : https://w3id.org/env/puv#
12:31:17.611  6297 INFO  f.sparna.rdf.xls2rdf.RdfizableSheet - Found proper property in header : http://www.w3.org/ns/sosa/
12:31:17.612  6298 INFO  f.sparna.rdf.xls2rdf.RdfizableSheet - Found proper property in header : http://purl.org/vocommons/voaf#
12:31:17.613  6299 INFO  f.sparna.rdf.xls2rdf.RdfizableSheet - Found proper property in header : http://qudt.org/vocab/
12:31:17.614  6300 INFO  f.sparna.rdf.xls2rdf.RdfizableSheet - Found proper property in header : http://vocabs.lter-europe.net/elter_cl/
12:31:17.615  6301 INFO  f.sparna.rdf.xls2rdf.RdfizableSheet - Found proper property in header : https://w3id.org/iadopt/ont/
12:31:17.616  6302 INFO  f.sparna.rdf.xls2rdf.RdfizableSheet - Found proper property in header : http://www.w3.org/1999/02/22-rdf-syntax-ns#
12:31:17.616  6302 INFO  f.sparna.rdf.xls2rdf.RdfizableSheet - Found proper property in header : http://www.w3.org/2000/01/rdf-schema#
12:31:17.617  6303 INFO  f.sparna.rdf.xls2rdf.RdfizableSheet - Found proper property in header : http://omv.ontoware.org/2005/05/ontology
12:31:17.618  6304 INFO  f.sparna.rdf.xls2rdf.RdfizableSheet - Found proper property in header : http://vocabs.lter-europe.net/EnvThes/
12:31:17.619  6305 INFO  f.sparna.rdf.xls2rdf.RdfizableSheet - Found proper property in header : https://doi.org/10.48373/0PWD-C575
12:31:17.622  6308 INFO  f.sparna.rdf.xls2rdf.RdfizableSheet - Found proper property in header : https://raw.githubusercontent.com/LTER-Europe/EnvThes/main/EnvThes.ttl
12:31:17.623  6309 INFO  f.sparna.rdf.xls2rdf.RdfizableSheet - Found proper property in header : http://vocabs.lter-europe.net/EnvThes/21672
12:31:17.623  6309 INFO  f.sparna.rdf.xls2rdf.RdfizableSheet - Found proper property in header : https://ror.org/00pggkr55
12:31:17.624  6310 INFO  f.sparna.rdf.xls2rdf.RdfizableSheet - Found proper property in header : http://schema.org/Researcher
12:31:17.625  6311 INFO  f.sparna.rdf.xls2rdf.RdfizableSheet - Found proper property in header : https://ecoportal.lifewatch.eu/
12:31:17.626  6312 INFO  f.sparna.rdf.xls2rdf.RdfizableSheet - Found proper property in header : https://bioportal.bioontology.org/
12:31:17.626  6312 INFO  f.sparna.rdf.xls2rdf.RdfizableSheet - Found proper property in header : http://semanticscience.org/resource/SIO_001080
12:31:17.627  6313 INFO  f.sparna.rdf.xls2rdf.RdfizableSheet - Found proper property in header : https://ecoportal.lifewatch.eu/
12:31:17.628  6314 INFO  f.sparna.rdf.xls2rdf.RdfizableSheet - Found proper property in header : https://bioportal.bioontology.org/
12:31:17.632  6318 INFO  f.sparna.rdf.xls2rdf.RdfizableSheet - Found proper property in header : http://emily.lternet.edu/vocab/
12:31:17.633  6319 INFO  f.sparna.rdf.xls2rdf.RdfizableSheet - Found proper property in header : http://purl.obolibrary.org/obo/envo
12:31:17.633  6319 INFO  f.sparna.rdf.xls2rdf.RdfizableSheet - Found proper property in header : https://www.eionet.europa.eu/gemet/en/themes/
12:31:17.634  6320 INFO  f.sparna.rdf.xls2rdf.RdfizableSheet - Found proper property in header : http://www.isibang.ac.in/ns/mod/1.4
12:31:17.634  6320 INFO  f.sparna.rdf.xls2rdf.RdfizableSheet - Found proper property in header : https://github.com/fair-data-collective/sheet2rdf
12:31:17.635  6321 INFO  f.sparna.rdf.xls2rdf.RdfizableSheet - Found proper property in header : https://creativecommons.org/licenses/by/4.0/
12:31:17.638  6324 INFO  f.sparna.rdf.xls2rdf.RdfizableSheet - Found proper property in header : http://www.w3.org/2004/02/skos/core#prefLabel
12:31:17.638  6324 INFO  f.sparna.rdf.xls2rdf.RdfizableSheet - Found proper property in header : http://www.w3.org/1999/02/22-rdf-syntax-ns#type
12:31:17.639  6325 INFO  f.sparna.rdf.xls2rdf.RdfizableSheet - Found proper property in header : http://www.w3.org/2004/02/skos/core#altLabel
12:31:17.639  6325 INFO  f.sparna.rdf.xls2rdf.RdfizableSheet - Found proper property in header : http://www.w3.org/2004/02/skos/core#definition
12:31:17.639  6325 INFO  f.sparna.rdf.xls2rdf.RdfizableSheet - Found proper property in header : http://purl.org/dc/terms/source
12:31:17.639  6325 INFO  f.sparna.rdf.xls2rdf.RdfizableSheet - Found proper property in header : http://www.w3.org/2004/02/skos/core#broader
12:31:17.639  6325 INFO  f.sparna.rdf.xls2rdf.RdfizableSheet - Found proper property in header : http://www.w3.org/2004/02/skos/core#exactMatch
12:31:17.639  6325 INFO  f.sparna.rdf.xls2rdf.RdfizableSheet - Found proper property in header : http://purl.org/dc/terms/isReplacedBy
12:31:17.639  6325 INFO  f.sparna.rdf.xls2rdf.RdfizableSheet - Found proper property in header : http://www.w3.org/2004/02/skos/core#closeMatch
12:31:17.639  6325 INFO  f.sparna.rdf.xls2rdf.RdfizableSheet - Found at least 2 headers with proper property declaration in the first 10 columns, title row is at index 49
12:31:17.642  6328 DEBUG f.s.rdf.xls2rdf.Xls2RdfConverter - Found title row at index 49
12:31:17.644  6330 DEBUG f.s.rdf.xls2rdf.Xls2RdfConverter - Adding value on header object "http://vocabs.lter-europe.net/EnvThes/" with lang en
12:31:17.645  6331 DEBUG f.s.rdf.xls2rdf.Xls2RdfConverter - Adding value on header object "https://doi.org/10.48373/0PWD-C575" with lang en
12:31:17.645  6331 DEBUG f.s.rdf.xls2rdf.Xls2RdfConverter - Adding value on header object "EnvThes" with lang en
12:31:17.647  6333 DEBUG f.s.rdf.xls2rdf.Xls2RdfConverter - Adding value on header object "Environmental Thesaurus" with lang en
12:31:17.647  6333 DEBUG f.s.rdf.xls2rdf.Xls2RdfConverter - Adding value on header object "EnvThes" with lang en
12:31:17.647  6333 DEBUG f.s.rdf.xls2rdf.Xls2RdfConverter - Adding value on header object "https://raw.githubusercontent.com/LTER-Europe/EnvThes/main/EnvThes.ttl" with lang en
12:31:17.647  6333 DEBUG f.s.rdf.xls2rdf.Xls2RdfConverter - Adding value on header object "http://vocabs.lter-europe.net/EnvThes/21672" with lang en
12:31:17.648  6334 DEBUG f.s.rdf.xls2rdf.Xls2RdfConverter - Adding value on header object "https://ror.org/00pggkr55" with lang en
12:31:17.648  6334 DEBUG f.s.rdf.xls2rdf.Xls2RdfConverter - Adding value on header object "metadata and keywords for ecological research data" with lang en
12:31:17.648  6334 DEBUG f.s.rdf.xls2rdf.Xls2RdfConverter - Adding value on header object "http://schema.org/Researcher" with lang en
12:31:17.649  6335 DEBUG f.s.rdf.xls2rdf.Xls2RdfConverter - Adding value on header object "http://semanticscience.org/resource/SIO_001080" with lang en
12:31:17.649  6335 DEBUG f.s.rdf.xls2rdf.Xls2RdfConverter - Adding value on header object "https://ecoportal.lifewatch.eu/" with lang en
12:31:17.649  6335 DEBUG f.s.rdf.xls2rdf.Xls2RdfConverter - Adding value on header object "https://bioportal.bioontology.org/" with lang en
12:31:17.649  6335 DEBUG f.s.rdf.xls2rdf.Xls2RdfConverter - Adding value on header object "EnvThes compiles a set of terms in order to describe in a harmonised way data resulting from observations and measurements of ecosystem processes across different domain specific sciences. It is used by DEIMS-SDR for common keywords for annotation and quering metadata purposes." with lang en
12:31:17.650  6336 DEBUG f.s.rdf.xls2rdf.Xls2RdfConverter - Adding value on header object "Ulf Grandin" with lang en
12:31:17.650  6336 DEBUG f.s.rdf.xls2rdf.Xls2RdfConverter - Adding value on header object "Miki Kertész" with lang en
12:31:17.651  6337 DEBUG f.s.rdf.xls2rdf.Xls2RdfConverter - Adding value on header object "Johannes Peterseil" with lang en
12:31:17.651  6337 DEBUG f.s.rdf.xls2rdf.Xls2RdfConverter - Adding value on header object "Mark Frenzel" with lang en
12:31:17.651  6337 DEBUG f.s.rdf.xls2rdf.Xls2RdfConverter - Adding value on header object "Barbara Magagna" with lang en
12:31:17.652  6338 DEBUG f.s.rdf.xls2rdf.Xls2RdfConverter - Adding value on header object "http://emily.lternet.edu/vocab/" with lang en
12:31:17.652  6338 DEBUG f.s.rdf.xls2rdf.Xls2RdfConverter - Adding value on header object "http://purl.obolibrary.org/obo/envo" with lang en
12:31:17.652  6338 DEBUG f.s.rdf.xls2rdf.Xls2RdfConverter - Adding value on header object "https://www.eionet.europa.eu/gemet/en/themes/" with lang en
12:31:17.652  6338 DEBUG f.s.rdf.xls2rdf.Xls2RdfConverter - Adding value on header object "http://www.isibang.ac.in/ns/mod/1.4" with lang en
12:31:17.652  6338 DEBUG f.s.rdf.xls2rdf.Xls2RdfConverter - Adding value on header object "https://github.com/fair-data-collective/sheet2rdf" with lang en
12:31:17.652  6338 DEBUG f.s.rdf.xls2rdf.Xls2RdfConverter - Adding value on header object "https://creativecommons.org/licenses/by/4.0/" with lang en
12:31:17.653  6339 DEBUG f.s.rdf.xls2rdf.Xls2RdfConverter - Adding value on header object "en" with lang en
12:31:17.653  6339 DEBUG f.s.rdf.xls2rdf.Xls2RdfConverter - Adding value on header object "5.0.5" with lang en
12:31:17.660  6346 DEBUG f.s.rdf.xls2rdf.Xls2RdfConverter - Adding value on header object "2013-01-01" with lang en
12:31:17.660  6346 DEBUG f.s.rdf.xls2rdf.Xls2RdfConverter - Adding value on header object "2024-06-09" with lang en
12:31:17.660  6346 DEBUG f.s.rdf.xls2rdf.Xls2RdfConverter - Converting data with these column headers: 
12:31:17.660  6346 DEBUG f.s.rdf.xls2rdf.Xls2RdfConverter - ColumnHeader [originalValue=Identifier, language=Optional.empty, datatype=Optional.empty, property=null, declaredProperty=Identifier, inverse=false, parameters={}, id=null, reconcileOn=null, headerCell=Identifier]
12:31:17.668  6354 DEBUG f.s.rdf.xls2rdf.Xls2RdfConverter - ColumnHeader [originalValue=skos:prefLabel@en, language=Optional[en], datatype=Optional.empty, property=http://www.w3.org/2004/02/skos/core#prefLabel, declaredProperty=skos:prefLabel, inverse=false, parameters={}, id=null, reconcileOn=null, headerCell=skos:prefLabel@en]
12:31:17.668  6354 DEBUG f.s.rdf.xls2rdf.Xls2RdfConverter - ColumnHeader [originalValue=rdf:type(separtor=","), language=Optional.empty, datatype=Optional.empty, property=http://www.w3.org/1999/02/22-rdf-syntax-ns#type, declaredProperty=rdf:type, inverse=false, parameters={separtor=,}, id=null, reconcileOn=null, headerCell=rdf:type(separtor=",")]
12:31:17.668  6354 DEBUG f.s.rdf.xls2rdf.Xls2RdfConverter - ColumnHeader [originalValue=skos:altLabel@en(separator=","), language=Optional[en], datatype=Optional.empty, property=http://www.w3.org/2004/02/skos/core#altLabel, declaredProperty=skos:altLabel, inverse=false, parameters={separator=,}, id=null, reconcileOn=null, headerCell=skos:altLabel@en(separator=",")]
12:31:17.668  6354 DEBUG f.s.rdf.xls2rdf.Xls2RdfConverter - ColumnHeader [originalValue=skos:definition@en, language=Optional[en], datatype=Optional.empty, property=http://www.w3.org/2004/02/skos/core#definition, declaredProperty=skos:definition, inverse=false, parameters={}, id=null, reconcileOn=null, headerCell=skos:definition@en]
12:31:17.668  6354 DEBUG f.s.rdf.xls2rdf.Xls2RdfConverter - ColumnHeader [originalValue=dct:source(separator=","), language=Optional.empty, datatype=Optional.empty, property=http://purl.org/dc/terms/source, declaredProperty=dct:source, inverse=false, parameters={separator=,}, id=null, reconcileOn=null, headerCell=dct:source(separator=",")]
12:31:17.668  6354 DEBUG f.s.rdf.xls2rdf.Xls2RdfConverter - ColumnHeader [originalValue=skos:broader(separator=","), language=Optional.empty, datatype=Optional.empty, property=http://www.w3.org/2004/02/skos/core#broader, declaredProperty=skos:broader, inverse=false, parameters={separator=,}, id=null, reconcileOn=null, headerCell=skos:broader(separator=",")]
12:31:17.668  6354 DEBUG f.s.rdf.xls2rdf.Xls2RdfConverter - ColumnHeader [originalValue=skos:exactMatch(separator=","), language=Optional.empty, datatype=Optional.empty, property=http://www.w3.org/2004/02/skos/core#exactMatch, declaredProperty=skos:exactMatch, inverse=false, parameters={separator=,}, id=null, reconcileOn=null, headerCell=skos:exactMatch(separator=",")]
12:31:17.668  6354 DEBUG f.s.rdf.xls2rdf.Xls2RdfConverter - ColumnHeader [originalValue=dct:isReplacedBy, language=Optional.empty, datatype=Optional.empty, property=http://purl.org/dc/terms/isReplacedBy, declaredProperty=dct:isReplacedBy, inverse=false, parameters={}, id=null, reconcileOn=null, headerCell=dct:isReplacedBy]
12:31:17.668  6354 DEBUG f.s.rdf.xls2rdf.Xls2RdfConverter - ColumnHeader [originalValue=skos:closeMatch(separator=","), language=Optional.empty, datatype=Optional.empty, property=http://www.w3.org/2004/02/skos/core#closeMatch, declaredProperty=skos:closeMatch, inverse=false, parameters={separator=,}, id=null, reconcileOn=null, headerCell=skos:closeMatch(separator=",")]
12:31:17.669  6355 DEBUG f.s.rdf.xls2rdf.Xls2RdfConverter - ColumnHeader [originalValue=skos:narrowMatch(separator=","), language=Optional.empty, datatype=Optional.empty, property=http://www.w3.org/2004/02/skos/core#narrowMatch, declaredProperty=skos:narrowMatch, inverse=false, parameters={separator=,}, id=null, reconcileOn=null, headerCell=skos:narrowMatch(separator=",")]
12:31:17.669  6355 DEBUG f.s.rdf.xls2rdf.Xls2RdfConverter - ColumnHeader [originalValue=skos:related(separator=","), language=Optional.empty, datatype=Optional.empty, property=http://www.w3.org/2004/02/skos/core#related, declaredProperty=skos:related, inverse=false, parameters={separator=,}, id=null, reconcileOn=null, headerCell=skos:related(separator=",")]
12:31:17.669  6355 DEBUG f.s.rdf.xls2rdf.Xls2RdfConverter - ColumnHeader [originalValue=iop:hasProperty, language=Optional.empty, datatype=Optional.empty, property=https://w3id.org/iadopt/ont/hasProperty, declaredProperty=iop:hasProperty, inverse=false, parameters={}, id=null, reconcileOn=null, headerCell=iop:hasProperty]
12:31:17.669  6355 DEBUG f.s.rdf.xls2rdf.Xls2RdfConverter - ColumnHeader [originalValue=iop:hasObjectOfInterest, language=Optional.empty, datatype=Optional.empty, property=https://w3id.org/iadopt/ont/hasObjectOfInterest, declaredProperty=iop:hasObjectOfInterest, inverse=false, parameters={}, id=null, reconcileOn=null, headerCell=iop:hasObjectOfInterest]
12:31:17.669  6355 DEBUG f.s.rdf.xls2rdf.Xls2RdfConverter - ColumnHeader [originalValue=iop:hasMatrix, language=Optional.empty, datatype=Optional.empty, property=https://w3id.org/iadopt/ont/hasMatrix, declaredProperty=iop:hasMatrix, inverse=false, parameters={}, id=null, reconcileOn=null, headerCell=iop:hasMatrix]
12:31:17.669  6355 DEBUG f.s.rdf.xls2rdf.Xls2RdfConverter - ColumnHeader [originalValue=iop:hasContextObject(separator=","), language=Optional.empty, datatype=Optional.empty, property=https://w3id.org/iadopt/ont/hasContextObject, declaredProperty=iop:hasContextObject, inverse=false, parameters={separator=,}, id=null, reconcileOn=null, headerCell=iop:hasContextObject(separator=",")]
12:31:17.669  6355 DEBUG f.s.rdf.xls2rdf.Xls2RdfConverter - ColumnHeader [originalValue=iop:hasConstraint(separator=","), language=Optional.empty, datatype=Optional.empty, property=https://w3id.org/iadopt/ont/hasConstraint, declaredProperty=iop:hasConstraint, inverse=false, parameters={separator=,}, id=null, reconcileOn=null, headerCell=iop:hasConstraint(separator=",")]
12:31:17.669  6355 DEBUG f.s.rdf.xls2rdf.Xls2RdfConverter - ColumnHeader [originalValue=puv:statistic(separator=","), language=Optional.empty, datatype=Optional.empty, property=https://w3id.org/env/puv#statistic, declaredProperty=puv:statistic, inverse=false, parameters={separator=,}, id=null, reconcileOn=null, headerCell=puv:statistic(separator=",")]
12:31:17.669  6355 DEBUG f.s.rdf.xls2rdf.Xls2RdfConverter - ColumnHeader [originalValue=puv:usesMethod(separator=","), language=Optional.empty, datatype=Optional.empty, property=https://w3id.org/env/puv#usesMethod, declaredProperty=puv:usesMethod, inverse=false, parameters={separator=,}, id=null, reconcileOn=null, headerCell=puv:usesMethod(separator=",")]
12:31:17.669  6355 DEBUG f.s.rdf.xls2rdf.Xls2RdfConverter - ColumnHeader [originalValue=sosa:madeBySensor(separator=","), language=Optional.empty, datatype=Optional.empty, property=http://www.w3.org/ns/sosa/madeBySensor, declaredProperty=sosa:madeBySensor, inverse=false, parameters={separator=,}, id=null, reconcileOn=null, headerCell=sosa:madeBySensor(separator=",")]
12:31:17.669  6355 DEBUG f.s.rdf.xls2rdf.Xls2RdfConverter - ColumnHeader [originalValue=puv:uom, language=Optional.empty, datatype=Optional.empty, property=https://w3id.org/env/puv#uom, declaredProperty=puv:uom, inverse=false, parameters={}, id=null, reconcileOn=null, headerCell=puv:uom]
12:31:17.669  6355 DEBUG f.s.rdf.xls2rdf.Xls2RdfConverter - ColumnHeader [originalValue=rdf:type, language=Optional.empty, datatype=Optional.empty, property=http://www.w3.org/1999/02/22-rdf-syntax-ns#type, declaredProperty=rdf:type, inverse=false, parameters={}, id=null, reconcileOn=null, headerCell=rdf:type]
12:31:17.670  6356 DEBUG f.s.rdf.xls2rdf.Xls2RdfConverter - ColumnHeader [originalValue=skos:note@en, language=Optional[en], datatype=Optional.empty, property=http://www.w3.org/2004/02/skos/core#note, declaredProperty=skos:note, inverse=false, parameters={}, id=null, reconcileOn=null, headerCell=skos:note@en]
12:31:17.670  6356 DEBUG f.s.rdf.xls2rdf.Xls2RdfConverter - ColumnHeader [originalValue=skos:changeNote@en, language=Optional[en], datatype=Optional.empty, property=http://www.w3.org/2004/02/skos/core#changeNote, declaredProperty=skos:changeNote, inverse=false, parameters={}, id=null, reconcileOn=null, headerCell=skos:changeNote@en]
12:31:17.670  6356 DEBUG f.s.rdf.xls2rdf.Xls2RdfConverter - ColumnHeader [originalValue=skos:editorialNote@en, language=Optional[en], datatype=Optional.empty, property=http://www.w3.org/2004/02/skos/core#editorialNote, declaredProperty=skos:editorialNote, inverse=false, parameters={}, id=null, reconcileOn=null, headerCell=skos:editorialNote@en]
12:31:17.670  6356 DEBUG f.s.rdf.xls2rdf.Xls2RdfConverter - ColumnHeader [originalValue=skos:scopeNote@en, language=Optional[en], datatype=Optional.empty, property=http://www.w3.org/2004/02/skos/core#scopeNote, declaredProperty=skos:scopeNote, inverse=false, parameters={}, id=null, reconcileOn=null, headerCell=skos:scopeNote@en]
12:31:17.671  6357 DEBUG f.s.rdf.xls2rdf.Xls2RdfConverter - ColumnHeader [originalValue=skos:example@en, language=Optional[en], datatype=Optional.empty, property=http://www.w3.org/2004/02/skos/core#example, declaredProperty=skos:example, inverse=false, parameters={}, id=null, reconcileOn=null, headerCell=skos:example@en]
12:31:17.672  6358 DEBUG f.s.rdf.xls2rdf.Xls2RdfConverter - ColumnHeader [originalValue=owl:deprecated^^xsd:boolean, language=Optional.empty, datatype=Optional[http://www.w3.org/2001/XMLSchema#boolean], property=http://www.w3.org/2002/07/owl#deprecated, declaredProperty=owl:deprecated, inverse=false, parameters={}, id=null, reconcileOn=null, headerCell=owl:deprecated^^xsd:boolean]
12:31:17.672  6358 DEBUG f.s.rdf.xls2rdf.Xls2RdfConverter - ColumnHeader [originalValue=skos:hiddenLabel, language=Optional.empty, datatype=Optional.empty, property=http://www.w3.org/2004/02/skos/core#hiddenLabel, declaredProperty=skos:hiddenLabel, inverse=false, parameters={}, id=null, reconcileOn=null, headerCell=skos:hiddenLabel]
12:31:17.672  6358 DEBUG f.s.rdf.xls2rdf.Xls2RdfConverter - ColumnHeader [originalValue=skos:prefLabel@de, language=Optional[de], datatype=Optional.empty, property=http://www.w3.org/2004/02/skos/core#prefLabel, declaredProperty=skos:prefLabel, inverse=false, parameters={}, id=null, reconcileOn=null, headerCell=skos:prefLabel@de]
12:31:17.673  6359 DEBUG f.s.rdf.xls2rdf.Xls2RdfConverter - ColumnHeader [originalValue=skos:prefLabel@ar, language=Optional[ar], datatype=Optional.empty, property=http://www.w3.org/2004/02/skos/core#prefLabel, declaredProperty=skos:prefLabel, inverse=false, parameters={}, id=null, reconcileOn=null, headerCell=skos:prefLabel@ar]
12:31:17.673  6359 DEBUG f.s.rdf.xls2rdf.Xls2RdfConverter - ColumnHeader [originalValue=skos:prefLabel@bg, language=Optional[bg], datatype=Optional.empty, property=http://www.w3.org/2004/02/skos/core#prefLabel, declaredProperty=skos:prefLabel, inverse=false, parameters={}, id=null, reconcileOn=null, headerCell=skos:prefLabel@bg]
12:31:17.673  6359 DEBUG f.s.rdf.xls2rdf.Xls2RdfConverter - ColumnHeader [originalValue=skos:prefLabel@cs, language=Optional[cs], datatype=Optional.empty, property=http://www.w3.org/2004/02/skos/core#prefLabel, declaredProperty=skos:prefLabel, inverse=false, parameters={}, id=null, reconcileOn=null, headerCell=skos:prefLabel@cs]
12:31:17.673  6359 DEBUG f.s.rdf.xls2rdf.Xls2RdfConverter - ColumnHeader [originalValue=skos:prefLabel@da, language=Optional[da], datatype=Optional.empty, property=http://www.w3.org/2004/02/skos/core#prefLabel, declaredProperty=skos:prefLabel, inverse=false, parameters={}, id=null, reconcileOn=null, headerCell=skos:prefLabel@da]
12:31:17.673  6359 DEBUG f.s.rdf.xls2rdf.Xls2RdfConverter - ColumnHeader [originalValue=skos:prefLabel@el, language=Optional[el], datatype=Optional.empty, property=http://www.w3.org/2004/02/skos/core#prefLabel, declaredProperty=skos:prefLabel, inverse=false, parameters={}, id=null, reconcileOn=null, headerCell=skos:prefLabel@el]
12:31:17.673  6359 DEBUG f.s.rdf.xls2rdf.Xls2RdfConverter - ColumnHeader [originalValue=skos:prefLabel@es, language=Optional[es], datatype=Optional.empty, property=http://www.w3.org/2004/02/skos/core#prefLabel, declaredProperty=skos:prefLabel, inverse=false, parameters={}, id=null, reconcileOn=null, headerCell=skos:prefLabel@es]
12:31:17.673  6359 DEBUG f.s.rdf.xls2rdf.Xls2RdfConverter - ColumnHeader [originalValue=skos:prefLabel@et, language=Optional[et], datatype=Optional.empty, property=http://www.w3.org/2004/02/skos/core#prefLabel, declaredProperty=skos:prefLabel, inverse=false, parameters={}, id=null, reconcileOn=null, headerCell=skos:prefLabel@et]
12:31:17.673  6359 DEBUG f.s.rdf.xls2rdf.Xls2RdfConverter - ColumnHeader [originalValue=skos:prefLabel@fi, language=Optional[fi], datatype=Optional.empty, property=http://www.w3.org/2004/02/skos/core#prefLabel, declaredProperty=skos:prefLabel, inverse=false, parameters={}, id=null, reconcileOn=null, headerCell=skos:prefLabel@fi]
12:31:17.674  6360 DEBUG f.s.rdf.xls2rdf.Xls2RdfConverter - ColumnHeader [originalValue=skos:prefLabel@fr, language=Optional[fr], datatype=Optional.empty, property=http://www.w3.org/2004/02/skos/core#prefLabel, declaredProperty=skos:prefLabel, inverse=false, parameters={}, id=null, reconcileOn=null, headerCell=skos:prefLabel@fr]
12:31:17.674  6360 DEBUG f.s.rdf.xls2rdf.Xls2RdfConverter - ColumnHeader [originalValue=skos:prefLabel@hr, language=Optional[hr], datatype=Optional.empty, property=http://www.w3.org/2004/02/skos/core#prefLabel, declaredProperty=skos:prefLabel, inverse=false, parameters={}, id=null, reconcileOn=null, headerCell=skos:prefLabel@hr]
12:31:17.674  6360 DEBUG f.s.rdf.xls2rdf.Xls2RdfConverter - ColumnHeader [originalValue=skos:prefLabel@hu, language=Optional[hu], datatype=Optional.empty, property=http://www.w3.org/2004/02/skos/core#prefLabel, declaredProperty=skos:prefLabel, inverse=false, parameters={}, id=null, reconcileOn=null, headerCell=skos:prefLabel@hu]
12:31:17.674  6360 DEBUG f.s.rdf.xls2rdf.Xls2RdfConverter - ColumnHeader [originalValue=skos:prefLabel@it, language=Optional[it], datatype=Optional.empty, property=http://www.w3.org/2004/02/skos/core#prefLabel, declaredProperty=skos:prefLabel, inverse=false, parameters={}, id=null, reconcileOn=null, headerCell=skos:prefLabel@it]
12:31:17.674  6360 DEBUG f.s.rdf.xls2rdf.Xls2RdfConverter - ColumnHeader [originalValue=skos:prefLabel@ja, language=Optional[ja], datatype=Optional.empty, property=http://www.w3.org/2004/02/skos/core#prefLabel, declaredProperty=skos:prefLabel, inverse=false, parameters={}, id=null, reconcileOn=null, headerCell=skos:prefLabel@ja]
12:31:17.674  6360 DEBUG f.s.rdf.xls2rdf.Xls2RdfConverter - ColumnHeader [originalValue=skos:prefLabel@lt, language=Optional[lt], datatype=Optional.empty, property=http://www.w3.org/2004/02/skos/core#prefLabel, declaredProperty=skos:prefLabel, inverse=false, parameters={}, id=null, reconcileOn=null, headerCell=skos:prefLabel@lt]
12:31:17.674  6360 DEBUG f.s.rdf.xls2rdf.Xls2RdfConverter - ColumnHeader [originalValue=skos:prefLabel@lv, language=Optional[lv], datatype=Optional.empty, property=http://www.w3.org/2004/02/skos/core#prefLabel, declaredProperty=skos:prefLabel, inverse=false, parameters={}, id=null, reconcileOn=null, headerCell=skos:prefLabel@lv]
12:31:17.674  6360 DEBUG f.s.rdf.xls2rdf.Xls2RdfConverter - ColumnHeader [originalValue=skos:prefLabel@nl, language=Optional[nl], datatype=Optional.empty, property=http://www.w3.org/2004/02/skos/core#prefLabel, declaredProperty=skos:prefLabel, inverse=false, parameters={}, id=null, reconcileOn=null, headerCell=skos:prefLabel@nl]
12:31:17.674  6360 DEBUG f.s.rdf.xls2rdf.Xls2RdfConverter - ColumnHeader [originalValue=skos:prefLabel@no, language=Optional[no], datatype=Optional.empty, property=http://www.w3.org/2004/02/skos/core#prefLabel, declaredProperty=skos:prefLabel, inverse=false, parameters={}, id=null, reconcileOn=null, headerCell=skos:prefLabel@no]
12:31:17.675  6361 DEBUG f.s.rdf.xls2rdf.Xls2RdfConverter - ColumnHeader [originalValue=skos:prefLabel@pl, language=Optional[pl], datatype=Optional.empty, property=http://www.w3.org/2004/02/skos/core#prefLabel, declaredProperty=skos:prefLabel, inverse=false, parameters={}, id=null, reconcileOn=null, headerCell=skos:prefLabel@pl]
12:31:17.675  6361 DEBUG f.s.rdf.xls2rdf.Xls2RdfConverter - ColumnHeader [originalValue=skos:prefLabel@pt, language=Optional[pt], datatype=Optional.empty, property=http://www.w3.org/2004/02/skos/core#prefLabel, declaredProperty=skos:prefLabel, inverse=false, parameters={}, id=null, reconcileOn=null, headerCell=skos:prefLabel@pt]
12:31:17.675  6361 DEBUG f.s.rdf.xls2rdf.Xls2RdfConverter - ColumnHeader [originalValue=skos:prefLabel@ro, language=Optional[ro], datatype=Optional.empty, property=http://www.w3.org/2004/02/skos/core#prefLabel, declaredProperty=skos:prefLabel, inverse=false, parameters={}, id=null, reconcileOn=null, headerCell=skos:prefLabel@ro]
12:31:17.675  6361 DEBUG f.s.rdf.xls2rdf.Xls2RdfConverter - ColumnHeader [originalValue=skos:prefLabel@sk, language=Optional[sk], datatype=Optional.empty, property=http://www.w3.org/2004/02/skos/core#prefLabel, declaredProperty=skos:prefLabel, inverse=false, parameters={}, id=null, reconcileOn=null, headerCell=skos:prefLabel@sk]
12:31:17.675  6361 DEBUG f.s.rdf.xls2rdf.Xls2RdfConverter - ColumnHeader [originalValue=skos:prefLabel@sl, language=Optional[sl], datatype=Optional.empty, property=http://www.w3.org/2004/02/skos/core#prefLabel, declaredProperty=skos:prefLabel, inverse=false, parameters={}, id=null, reconcileOn=null, headerCell=skos:prefLabel@sl]
12:31:17.675  6361 DEBUG f.s.rdf.xls2rdf.Xls2RdfConverter - ColumnHeader [originalValue=skos:prefLabel@sv, language=Optional[sv], datatype=Optional.empty, property=http://www.w3.org/2004/02/skos/core#prefLabel, declaredProperty=skos:prefLabel, inverse=false, parameters={}, id=null, reconcileOn=null, headerCell=skos:prefLabel@sv]
12:31:17.675  6361 DEBUG f.s.rdf.xls2rdf.Xls2RdfConverter - ColumnHeader [originalValue=skos:prefLabel@zh, language=Optional[zh], datatype=Optional.empty, property=http://www.w3.org/2004/02/skos/core#prefLabel, declaredProperty=skos:prefLabel, inverse=false, parameters={}, id=null, reconcileOn=null, headerCell=skos:prefLabel@zh]
12:31:17.675  6361 DEBUG f.s.rdf.xls2rdf.Xls2RdfConverter - ColumnHeader [originalValue=skos:altLabel@de, language=Optional[de], datatype=Optional.empty, property=http://www.w3.org/2004/02/skos/core#altLabel, declaredProperty=skos:altLabel, inverse=false, parameters={}, id=null, reconcileOn=null, headerCell=skos:altLabel@de]
12:31:17.676  6362 DEBUG f.s.rdf.xls2rdf.Xls2RdfConverter - ColumnHeader [originalValue=skos:altLabel@el, language=Optional[el], datatype=Optional.empty, property=http://www.w3.org/2004/02/skos/core#altLabel, declaredProperty=skos:altLabel, inverse=false, parameters={}, id=null, reconcileOn=null, headerCell=skos:altLabel@el]
12:31:17.676  6362 DEBUG f.s.rdf.xls2rdf.Xls2RdfConverter - ColumnHeader [originalValue=skos:altLabel@es, language=Optional[es], datatype=Optional.empty, property=http://www.w3.org/2004/02/skos/core#altLabel, declaredProperty=skos:altLabel, inverse=false, parameters={}, id=null, reconcileOn=null, headerCell=skos:altLabel@es]
12:31:17.676  6362 DEBUG f.s.rdf.xls2rdf.Xls2RdfConverter - ColumnHeader [originalValue=skos:altLabel@fi, language=Optional[fi], datatype=Optional.empty, property=http://www.w3.org/2004/02/skos/core#altLabel, declaredProperty=skos:altLabel, inverse=false, parameters={}, id=null, reconcileOn=null, headerCell=skos:altLabel@fi]
12:31:17.676  6362 DEBUG f.s.rdf.xls2rdf.Xls2RdfConverter - ColumnHeader [originalValue=skos:altLabel@fr, language=Optional[fr], datatype=Optional.empty, property=http://www.w3.org/2004/02/skos/core#altLabel, declaredProperty=skos:altLabel, inverse=false, parameters={}, id=null, reconcileOn=null, headerCell=skos:altLabel@fr]
12:31:17.676  6362 DEBUG f.s.rdf.xls2rdf.Xls2RdfConverter - ColumnHeader [originalValue=skos:altLabel@hu, language=Optional[hu], datatype=Optional.empty, property=http://www.w3.org/2004/02/skos/core#altLabel, declaredProperty=skos:altLabel, inverse=false, parameters={}, id=null, reconcileOn=null, headerCell=skos:altLabel@hu]
12:31:17.676  6362 DEBUG f.s.rdf.xls2rdf.Xls2RdfConverter - ColumnHeader [originalValue=skos:altLabel@it, language=Optional[it], datatype=Optional.empty, property=http://www.w3.org/2004/02/skos/core#altLabel, declaredProperty=skos:altLabel, inverse=false, parameters={}, id=null, reconcileOn=null, headerCell=skos:altLabel@it]
12:31:17.676  6362 DEBUG f.s.rdf.xls2rdf.Xls2RdfConverter - ColumnHeader [originalValue=skos:altLabel@ja, language=Optional[ja], datatype=Optional.empty, property=http://www.w3.org/2004/02/skos/core#altLabel, declaredProperty=skos:altLabel, inverse=false, parameters={}, id=null, reconcileOn=null, headerCell=skos:altLabel@ja]
12:31:17.676  6362 DEBUG f.s.rdf.xls2rdf.Xls2RdfConverter - ColumnHeader [originalValue=skos:altLabel@la, language=Optional[la], datatype=Optional.empty, property=http://www.w3.org/2004/02/skos/core#altLabel, declaredProperty=skos:altLabel, inverse=false, parameters={}, id=null, reconcileOn=null, headerCell=skos:altLabel@la]
12:31:17.676  6362 DEBUG f.s.rdf.xls2rdf.Xls2RdfConverter - ColumnHeader [originalValue=skos:altLabel@lt, language=Optional[lt], datatype=Optional.empty, property=http://www.w3.org/2004/02/skos/core#altLabel, declaredProperty=skos:altLabel, inverse=false, parameters={}, id=null, reconcileOn=null, headerCell=skos:altLabel@lt]
12:31:17.677  6363 DEBUG f.s.rdf.xls2rdf.Xls2RdfConverter - ColumnHeader [originalValue=skos:altLabel@no, language=Optional[no], datatype=Optional.empty, property=http://www.w3.org/2004/02/skos/core#altLabel, declaredProperty=skos:altLabel, inverse=false, parameters={}, id=null, reconcileOn=null, headerCell=skos:altLabel@no]
12:31:17.677  6363 DEBUG f.s.rdf.xls2rdf.Xls2RdfConverter - ColumnHeader [originalValue=skos:altLabel@pl, language=Optional[pl], datatype=Optional.empty, property=http://www.w3.org/2004/02/skos/core#altLabel, declaredProperty=skos:altLabel, inverse=false, parameters={}, id=null, reconcileOn=null, headerCell=skos:altLabel@pl]
12:31:17.677  6363 DEBUG f.s.rdf.xls2rdf.Xls2RdfConverter - ColumnHeader [originalValue=skos:altLabel@pt, language=Optional[pt], datatype=Optional.empty, property=http://www.w3.org/2004/02/skos/core#altLabel, declaredProperty=skos:altLabel, inverse=false, parameters={}, id=null, reconcileOn=null, headerCell=skos:altLabel@pt]
12:31:17.677  6363 DEBUG f.s.rdf.xls2rdf.Xls2RdfConverter - ColumnHeader [originalValue=skos:altLabel@sl, language=Optional[sl], datatype=Optional.empty, property=http://www.w3.org/2004/02/skos/core#altLabel, declaredProperty=skos:altLabel, inverse=false, parameters={}, id=null, reconcileOn=null, headerCell=skos:altLabel@sl]
12:31:17.677  6363 DEBUG f.s.rdf.xls2rdf.Xls2RdfConverter - ColumnHeader [originalValue=skos:altLabel@sv, language=Optional[sv], datatype=Optional.empty, property=http://www.w3.org/2004/02/skos/core#altLabel, declaredProperty=skos:altLabel, inverse=false, parameters={}, id=null, reconcileOn=null, headerCell=skos:altLabel@sv]
12:31:17.677  6363 DEBUG f.s.rdf.xls2rdf.Xls2RdfConverter - ColumnHeader [originalValue=skos:altLabel@zh, language=Optional[zh], datatype=Optional.empty, property=http://www.w3.org/2004/02/skos/core#altLabel, declaredProperty=skos:altLabel, inverse=false, parameters={}, id=null, reconcileOn=null, headerCell=skos:altLabel@zh]
12:31:17.677  6363 DEBUG f.s.rdf.xls2rdf.Xls2RdfConverter - ColumnHeader [originalValue=skos:altLabel@zh-tw, language=Optional[zh-tw], datatype=Optional.empty, property=http://www.w3.org/2004/02/skos/core#altLabel, declaredProperty=skos:altLabel, inverse=false, parameters={}, id=null, reconcileOn=null, headerCell=skos:altLabel@zh-tw]
12:31:17.677  6363 DEBUG f.s.rdf.xls2rdf.Xls2RdfConverter - ColumnHeader [originalValue=skos:definition@de, language=Optional[de], datatype=Optional.empty, property=http://www.w3.org/2004/02/skos/core#definition, declaredProperty=skos:definition, inverse=false, parameters={}, id=null, reconcileOn=null, headerCell=skos:definition@de]
12:31:17.677  6363 DEBUG f.s.rdf.xls2rdf.Xls2RdfConverter - ColumnHeader [originalValue=skos:definition@es, language=Optional[es], datatype=Optional.empty, property=http://www.w3.org/2004/02/skos/core#definition, declaredProperty=skos:definition, inverse=false, parameters={}, id=null, reconcileOn=null, headerCell=skos:definition@es]
12:31:17.678  6364 DEBUG f.s.rdf.xls2rdf.Xls2RdfConverter - ColumnHeader [originalValue=skos:definition@fi, language=Optional[fi], datatype=Optional.empty, property=http://www.w3.org/2004/02/skos/core#definition, declaredProperty=skos:definition, inverse=false, parameters={}, id=null, reconcileOn=null, headerCell=skos:definition@fi]
12:31:17.678  6364 DEBUG f.s.rdf.xls2rdf.Xls2RdfConverter - ColumnHeader [originalValue=skos:definition@fr, language=Optional[fr], datatype=Optional.empty, property=http://www.w3.org/2004/02/skos/core#definition, declaredProperty=skos:definition, inverse=false, parameters={}, id=null, reconcileOn=null, headerCell=skos:definition@fr]
12:31:17.678  6364 DEBUG f.s.rdf.xls2rdf.Xls2RdfConverter - ColumnHeader [originalValue=skos:definition@it, language=Optional[it], datatype=Optional.empty, property=http://www.w3.org/2004/02/skos/core#definition, declaredProperty=skos:definition, inverse=false, parameters={}, id=null, reconcileOn=null, headerCell=skos:definition@it]
12:31:17.678  6364 DEBUG f.s.rdf.xls2rdf.Xls2RdfConverter - ColumnHeader [originalValue=skos:definition@ja, language=Optional[ja], datatype=Optional.empty, property=http://www.w3.org/2004/02/skos/core#definition, declaredProperty=skos:definition, inverse=false, parameters={}, id=null, reconcileOn=null, headerCell=skos:definition@ja]
12:31:17.678  6364 DEBUG f.s.rdf.xls2rdf.Xls2RdfConverter - ColumnHeader [originalValue=skos:definition@no, language=Optional[no], datatype=Optional.empty, property=http://www.w3.org/2004/02/skos/core#definition, declaredProperty=skos:definition, inverse=false, parameters={}, id=null, reconcileOn=null, headerCell=skos:definition@no]
12:31:17.678  6364 DEBUG f.s.rdf.xls2rdf.Xls2RdfConverter - ColumnHeader [originalValue=skos:definition@pl, language=Optional[pl], datatype=Optional.empty, property=http://www.w3.org/2004/02/skos/core#definition, declaredProperty=skos:definition, inverse=false, parameters={}, id=null, reconcileOn=null, headerCell=skos:definition@pl]
12:31:17.678  6364 DEBUG f.s.rdf.xls2rdf.Xls2RdfConverter - ColumnHeader [originalValue=skos:definition@pt, language=Optional[pt], datatype=Optional.empty, property=http://www.w3.org/2004/02/skos/core#definition, declaredProperty=skos:definition, inverse=false, parameters={}, id=null, reconcileOn=null, headerCell=skos:definition@pt]
12:31:17.678  6364 DEBUG f.s.rdf.xls2rdf.Xls2RdfConverter - ColumnHeader [originalValue=skos:definition@zh, language=Optional[zh], datatype=Optional.empty, property=http://www.w3.org/2004/02/skos/core#definition, declaredProperty=skos:definition, inverse=false, parameters={}, id=null, reconcileOn=null, headerCell=skos:definition@zh]
12:31:17.679  6365 DEBUG f.s.rdf.xls2rdf.Xls2RdfConverter - ColumnHeader [originalValue=skos:definition@sv, language=Optional[sv], datatype=Optional.empty, property=http://www.w3.org/2004/02/skos/core#definition, declaredProperty=skos:definition, inverse=false, parameters={}, id=null, reconcileOn=null, headerCell=skos:definition@sv]
12:31:17.679  6365 DEBUG f.s.rdf.xls2rdf.Xls2RdfConverter - ColumnHeader [originalValue=skos:broadMatch(separator=","), language=Optional.empty, datatype=Optional.empty, property=http://www.w3.org/2004/02/skos/core#broadMatch, declaredProperty=skos:broadMatch, inverse=false, parameters={separator=,}, id=null, reconcileOn=null, headerCell=skos:broadMatch(separator=",")]
12:31:17.679  6365 DEBUG f.s.rdf.xls2rdf.Xls2RdfConverter - ColumnHeader [originalValue=owl:sameAs(separator=","), language=Optional.empty, datatype=Optional.empty, property=http://www.w3.org/2002/07/owl#sameAs, declaredProperty=owl:sameAs, inverse=false, parameters={separator=,}, id=null, reconcileOn=null, headerCell=owl:sameAs(separator=",")]
12:31:17.679  6365 DEBUG f.s.rdf.xls2rdf.Xls2RdfConverter - ColumnHeader [originalValue=rdfs:seeAlso, language=Optional.empty, datatype=Optional.empty, property=http://www.w3.org/2000/01/rdf-schema#seeAlso, declaredProperty=rdfs:seeAlso, inverse=false, parameters={}, id=null, reconcileOn=null, headerCell=rdfs:seeAlso]
12:31:17.679  6365 DEBUG f.s.rdf.xls2rdf.Xls2RdfConverter - ColumnHeader [originalValue=dct:contributor, language=Optional.empty, datatype=Optional.empty, property=http://purl.org/dc/terms/contributor, declaredProperty=dct:contributor, inverse=false, parameters={}, id=null, reconcileOn=null, headerCell=dct:contributor]
12:31:17.679  6365 DEBUG f.s.rdf.xls2rdf.Xls2RdfConverter - ColumnHeader [originalValue=dct:created^^xsd:date, language=Optional.empty, datatype=Optional[http://www.w3.org/2001/XMLSchema#date], property=http://purl.org/dc/terms/created, declaredProperty=dct:created, inverse=false, parameters={}, id=null, reconcileOn=null, headerCell=dct:created^^xsd:date]
12:31:17.679  6365 DEBUG f.s.rdf.xls2rdf.Xls2RdfConverter - ColumnHeader [originalValue=dct:creator, language=Optional.empty, datatype=Optional.empty, property=http://purl.org/dc/terms/creator, declaredProperty=dct:creator, inverse=false, parameters={}, id=null, reconcileOn=null, headerCell=dct:creator]
12:31:17.679  6365 DEBUG f.s.rdf.xls2rdf.Xls2RdfConverter - ColumnHeader [originalValue=dct:modified^^xsd:date, language=Optional.empty, datatype=Optional[http://www.w3.org/2001/XMLSchema#date], property=http://purl.org/dc/terms/modified, declaredProperty=dct:modified, inverse=false, parameters={}, id=null, reconcileOn=null, headerCell=dct:modified^^xsd:date]
12:31:17.679  6365 INFO  f.s.rdf.xls2rdf.Xls2RdfConverter - Converting rows...
12:31:18.005  6691 INFO  f.s.r.x.LogXls2RdfMessageListener - Cell Sheet1!CK296 : WRONG_FORMAT - Failed to parse date format for value '2018-07-05T15:17:06.744+01:00 , "2018-07-02'. Is the cell formatted as a date ?
12:31:18.408  7094 INFO  f.s.r.x.LogXls2RdfMessageListener - Cell Sheet1!CK940 : WRONG_FORMAT - Failed to parse date format for value '2018-07-05T15:17:06.744+01:00 , "2018-07-02'. Is the cell formatted as a date ?
12:31:18.411  7097 INFO  f.s.r.x.LogXls2RdfMessageListener - Cell Sheet1!CK948 : WRONG_FORMAT - Failed to parse date format for value '2018-07-05T15:17:06.744+01:00 , "2018-07-02'. Is the cell formatted as a date ?
12:31:18.415  7101 INFO  f.s.r.x.LogXls2RdfMessageListener - Cell Sheet1!CK957 : WRONG_FORMAT - Failed to parse date format for value '2018-07-05T15:17:06.744+01:00 , "2018-07-02'. Is the cell formatted as a date ?
12:31:18.418  7104 INFO  f.s.r.x.LogXls2RdfMessageListener - Cell Sheet1!CK964 : WRONG_FORMAT - Failed to parse date format for value '2018-07-05T15:17:06.744+01:00 , "2018-07-02'. Is the cell formatted as a date ?
12:31:18.421  7107 INFO  f.s.r.x.LogXls2RdfMessageListener - Cell Sheet1!CK971 : WRONG_FORMAT - Failed to parse date format for value '2018-07-05T15:17:06.744+01:00 , "2018-07-02'. Is the cell formatted as a date ?
12:31:18.429  7115 INFO  f.s.r.x.LogXls2RdfMessageListener - Cell Sheet1!CK992 : WRONG_FORMAT - Failed to parse date format for value '2018-07-05T15:17:06.744+01:00 , "2018-07-02'. Is the cell formatted as a date ?
12:31:18.430  7116 INFO  f.s.r.x.LogXls2RdfMessageListener - Cell Sheet1!CK994 : WRONG_FORMAT - Failed to parse date format for value '2018-07-02T16:12:34.794+01:00 , "2018-07-05'. Is the cell formatted as a date ?
12:31:18.433  7119 INFO  f.s.rdf.xls2rdf.Xls2RdfConverter - Row 1000...
12:31:18.439  7125 INFO  f.s.r.x.LogXls2RdfMessageListener - Cell Sheet1!CK1016 : WRONG_FORMAT - Failed to parse date format for value '2018-07-02T16:12:34.794+01:00 , "2018-07-05'. Is the cell formatted as a date ?
12:31:18.461  7147 INFO  f.s.r.x.LogXls2RdfMessageListener - Cell Sheet1!CK1077 : WRONG_FORMAT - Failed to parse date format for value '2018-07-02T16:12:34.794+01:00 , "2018-07-05'. Is the cell formatted as a date ?
12:31:18.462  7148 INFO  f.s.r.x.LogXls2RdfMessageListener - Cell Sheet1!CK1079 : WRONG_FORMAT - Failed to parse date format for value '2018-07-05T15:17:06.744+01:00 , "2018-07-02'. Is the cell formatted as a date ?
12:31:18.500  7186 INFO  f.s.r.x.LogXls2RdfMessageListener - Cell Sheet1!CK1191 : WRONG_FORMAT - Failed to parse date format for value '2018-07-05T15:17:06.744+01:00 , "2018-07-02'. Is the cell formatted as a date ?
12:31:18.505  7191 INFO  f.s.r.x.LogXls2RdfMessageListener - Cell Sheet1!CK1205 : WRONG_FORMAT - Failed to parse date format for value '2018-07-05T15:17:06.744+01:00 , "2018-07-02'. Is the cell formatted as a date ?
12:31:18.511  7197 INFO  f.s.r.x.LogXls2RdfMessageListener - Cell Sheet1!CK1220 : WRONG_FORMAT - Failed to parse date format for value '2018-07-02T16:12:34.794+01:00 , "2018-07-05'. Is the cell formatted as a date ?
12:31:18.546  7232 INFO  f.s.r.x.LogXls2RdfMessageListener - Cell Sheet1!CK1321 : WRONG_FORMAT - Failed to parse date format for value '2018-07-02T16:12:34.794+01:00 , "2018-07-05'. Is the cell formatted as a date ?
12:31:18.550  7236 INFO  f.s.r.x.LogXls2RdfMessageListener - Cell Sheet1!CK1333 : WRONG_FORMAT - Failed to parse date format for value '2018-07-05T15:17:06.744+01:00 , "2018-07-02'. Is the cell formatted as a date ?
12:31:18.553  7239 INFO  f.s.r.x.LogXls2RdfMessageListener - Cell Sheet1!CK1340 : WRONG_FORMAT - Failed to parse date format for value '2018-07-05T15:17:06.744+01:00 , "2018-07-02'. Is the cell formatted as a date ?
12:31:18.587  7273 INFO  f.s.r.x.LogXls2RdfMessageListener - Cell Sheet1!CK1437 : WRONG_FORMAT - Failed to parse date format for value '2018-07-05T15:17:06.744+01:00 , "2018-07-02'. Is the cell formatted as a date ?
12:31:18.821  7507 INFO  f.s.rdf.xls2rdf.Xls2RdfConverter - Row 2000...
12:31:19.185  7871 INFO  f.s.rdf.xls2rdf.Xls2RdfConverter - Row 3000...
12:31:19.411  8097 INFO  f.s.rdf.xls2rdf.Xls2RdfConverter - Row 4000...
12:31:19.630  8316 INFO  f.s.rdf.xls2rdf.Xls2RdfConverter - Row 5000...
12:31:19.845  8531 INFO  f.s.rdf.xls2rdf.Xls2RdfConverter - Applying SKOS post-processings on the result
12:31:19.845  8531 DEBUG f.s.rdf.xls2rdf.SkosPostProcessor - Postprocessing : SkosPostProcessor
12:31:19.846  8532 DEBUG f.s.rdf.xls2rdf.SkosPostProcessor - Considering main resource like a ConceptScheme.
12:31:19.876  8562 DEBUG f.s.rdf.xls2rdf.SkosPostProcessor - Adding inverse skos:broader and skos:narrower
12:31:19.897  8583 DEBUG f.s.rdf.xls2rdf.SkosPostProcessor - Adding skos:inScheme
12:31:19.908  8594 DEBUG f.s.rdf.xls2rdf.SkosPostProcessor - Setting rdf:type skos:ConceptScheme to main resource
12:31:19.908  8594 DEBUG f.s.rdf.xls2rdf.SkosPostProcessor - Adding skos:hasTopConcept / skos:topConceptOf
12:31:19.922  8608 DEBUG f.s.rdf.xls2rdf.Xls2RdfConverter - Saving graph of 71484 statements generated from Sheet Sheet1
